  BulletsSpawner.cpp
C:\C++授業\_shooting\common.h(1,1): warning C4828: オフセット 0x386 から始まる、現在のソースの文字セット (コードページ 932) では使用できない文字がファイルに含まれています。
  Enemy.cpp
C:\C++授業\_shooting\common.h(1,1): warning C4828: オフセット 0x386 から始まる、現在のソースの文字セット (コードページ 932) では使用できない文字がファイルに含まれています。
C:\C++授業\_shooting\Enemy.cpp(10,22): warning C4244: '=': 'int' から 'float' への変換です。データが失われる可能性があります。
C:\C++授業\_shooting\Enemy.cpp(37,45): warning C4244: '引数': 'float' から 'int' への変換です。データが失われる可能性があります。
C:\C++授業\_shooting\Enemy.cpp(37,29): warning C4244: '引数': 'float' から 'int' への変換です。データが失われる可能性があります。
C:\C++授業\_shooting\Enemy.cpp(39,33): warning C4244: '引数': 'const float' から 'int' への変換です。データが失われる可能性があります。
C:\C++授業\_shooting\Enemy.cpp(39,21): warning C4244: '引数': 'const float' から 'int' への変換です。データが失われる可能性があります。
  GameMain.cpp
C:\C++授業\_shooting\common.h(1,1): warning C4828: オフセット 0x386 から始まる、現在のソースの文字セット (コードページ 932) では使用できない文字がファイルに含まれています。
C:\C++授業\_shooting\GameMain.cpp(109,32): warning C4244: '引数': 'float' から 'int' への変換です。データが失われる可能性があります。
C:\C++授業\_shooting\GameMain.cpp(109,18): warning C4244: '引数': 'float' から 'int' への変換です。データが失われる可能性があります。
C:\C++授業\_shooting\GameMain.cpp(110,46): warning C4244: '引数': 'float' から 'int' への変換です。データが失われる可能性があります。
C:\C++授業\_shooting\GameMain.cpp(110,21): warning C4244: '引数': 'float' から 'int' への変換です。データが失われる可能性があります。
  NwaySpawner.cpp
C:\C++授業\_shooting\common.h(1,1): warning C4828: オフセット 0x386 から始まる、現在のソースの文字セット (コードページ 932) では使用できない文字がファイルに含まれています。
  Title.cpp
C:\C++授業\_shooting\common.h(1,1): warning C4828: オフセット 0x386 から始まる、現在のソースの文字セット (コードページ 932) では使用できない文字がファイルに含まれています。
C:\C++授業\_shooting\Title.cpp(73,66): warning C4244: 'return': 'double' から 'float' への変換です。データが失われる可能性があります。
C:\C++授業\_shooting\Title.cpp(77,66): warning C4244: 'return': 'double' から 'float' への変換です。データが失われる可能性があります。
  main.cpp
C:\C++授業\_shooting\common.h(1,1): warning C4828: オフセット 0x386 から始まる、現在のソースの文字セット (コードページ 932) では使用できない文字がファイルに含まれています。
  コードを生成中...
  shooting.vcxproj -> C:\C++授業\_shooting\x64\Debug\shooting.exe
